<?xml version="1.0" encoding="UTF-8"?>
<!-- Generated by org.testng.reporters.JUnitReportReporter -->
<testsuite hostname="doluimjumpbox16" failures="0" tests="1" name="com.BenefitMaintenance.TC_475" time="0.007" errors="0" timestamp="2023-02-06T04:27:00 EST" skipped="0">
  <testcase classname="com.BenefitMaintenance.TC_475" name="Testing123" time="0.007"/>
  <system-out/>
</testsuite> <!-- com.BenefitMaintenance.TC_475 -->
